<?xml version="1.0" encoding="UTF-8"?>
<!-- Generated by org.testng.reporters.JUnitXMLReporter -->
<testsuite ignored="0" hostname="DESKTOP-5NKHGQQ" failures="0" tests="5" name="Default test" time="10.6" errors="0" timestamp="2024-09-30T22:10:16 IST">
  <testcase classname="Test_Api_P" name="Authencation" time="4.52"/>
  <testcase classname="Test_Api_P" name="Filter" time="0.823"/>
  <testcase classname="Test_Api_P" name="Getall" time="0.861"/>
  <testcase classname="Test_Api_P" name="LogrequestusinFilter" time="0.766"/>
  <testcase classname="Test_Api_P" name="Tokengenetaion" time="2.372"/>
</testsuite> <!-- Default test -->
