<?xml version="1.0" encoding="UTF-8"?>
<!-- Generated by org.testng.reporters.JUnitXMLReporter -->
<testsuite ignored="0" hostname="DESKTOP-5NKHGQQ" failures="0" tests="5" name="Chromoe Test" time="3.866" errors="0" timestamp="2024-10-01T22:53:57 IST">
  <testcase classname="Test_Api_P" name="Authencation" time="0.593"/>
  <testcase classname="Test_Api_P" name="Filter" time="0.808"/>
  <testcase classname="Test_Api_P" name="Getall" time="0.758"/>
  <testcase classname="Test_Api_P" name="LogrequestusinFilter" time="0.534"/>
  <testcase classname="Test_Api_P" name="Tokengenetaion" time="1.138"/>
</testsuite> <!-- Chromoe Test -->
