<?xml version="1.0" encoding="UTF-8"?>
<!-- Generated by org.testng.reporters.JUnitXMLReporter -->
<testsuite ignored="0" hostname="DESKTOP-5NKHGQQ" failures="0" tests="5" name="Chrome Test" time="9.033" errors="0" timestamp="2024-10-01T22:43:56 IST">
  <testcase classname="Test_Api_P" name="Authencation" time="3.664"/>
  <testcase classname="Test_Api_P" name="Filter" time="0.619"/>
  <testcase classname="Test_Api_P" name="Getall" time="0.612"/>
  <testcase classname="Test_Api_P" name="LogrequestusinFilter" time="0.788"/>
  <testcase classname="Test_Api_P" name="Tokengenetaion" time="2.123"/>
</testsuite> <!-- Chrome Test -->
