<?xml version="1.0" encoding="UTF-8"?>
<!-- Generated by org.testng.reporters.JUnitXMLReporter -->
<testsuite ignored="0" hostname="DESKTOP-5NKHGQQ" failures="0" tests="5" name="Edge Test" time="8.983" errors="0" timestamp="2024-10-01T22:53:53 IST">
  <testcase classname="Test_Api_P" name="Authencation" time="3.754"/>
  <testcase classname="Test_Api_P" name="Filter" time="0.626"/>
  <testcase classname="Test_Api_P" name="Getall" time="0.61"/>
  <testcase classname="Test_Api_P" name="LogrequestusinFilter" time="0.595"/>
  <testcase classname="Test_Api_P" name="Tokengenetaion" time="2.245"/>
</testsuite> <!-- Edge Test -->
