<?xml version="1.0" encoding="UTF-8"?>
<!-- Generated by org.testng.reporters.JUnitXMLReporter -->
<testsuite ignored="0" hostname="DESKTOP-5NKHGQQ" failures="0" tests="5" name="test" time="8.761" errors="0" timestamp="2024-10-03T22:18:25 IST">
  <testcase classname="Test_Api_P" name="Authencation" time="3.69"/>
  <testcase classname="Test_Api_P" name="Filter" time="0.626"/>
  <testcase classname="Test_Api_P" name="Getall" time="0.587"/>
  <testcase classname="Test_Api_P" name="LogrequestusinFilter" time="0.564"/>
  <testcase classname="Test_Api_P" name="Tokengenetaion" time="2.168"/>
</testsuite> <!-- test -->
