<?xml version="1.0" encoding="UTF-8"?>
<!-- Generated by org.testng.reporters.JUnitXMLReporter -->
<testsuite ignored="0" hostname="DESKTOP-5NKHGQQ" failures="0" tests="5" name="test" time="12.07" errors="0" timestamp="2024-10-06T11:22:45 IST">
  <testcase classname="Test_Api_P" name="Authencation" time="4.93"/>
  <testcase classname="Test_Api_P" name="Filter" time="0.589"/>
  <testcase classname="Test_Api_P" name="Getall" time="0.606"/>
  <testcase classname="Test_Api_P" name="LogrequestusinFilter" time="1.186"/>
  <testcase classname="Test_Api_P" name="Tokengenetaion" time="3.224"/>
</testsuite> <!-- test -->
