<?xml version="1.0" encoding="UTF-8"?>
<testng-results ignored="0" total="5" passed="5" failed="0" skipped="0">
  <reporter-output>
  </reporter-output>
  <suite started-at="2024-10-06T11:22:33 IST" name="Suite" finished-at="2024-10-06T11:22:45 IST" duration-ms="12070">
    <groups>
    </groups>
    <test started-at="2024-10-06T11:22:33 IST" name="test" finished-at="2024-10-06T11:22:45 IST" duration-ms="12070">
      <class name="Test_Api_P">
        <test-method is-config="true" signature="init()[pri:0, instance:Test_Api_P@4b40f651]" started-at="2024-10-06T11:22:33 IST" name="init" finished-at="2024-10-06T11:22:34 IST" duration-ms="1445" status="PASS">
          <reporter-output>
          </reporter-output>
        </test-method> <!-- init -->
        <test-method signature="Authencation()[pri:0, instance:Test_Api_P@4b40f651]" started-at="2024-10-06T11:22:34 IST" name="Authencation" finished-at="2024-10-06T11:22:39 IST" duration-ms="4930" status="PASS">
          <reporter-output>
          </reporter-output>
        </test-method> <!-- Authencation -->
        <test-method signature="Filter()[pri:0, instance:Test_Api_P@4b40f651]" started-at="2024-10-06T11:22:39 IST" name="Filter" finished-at="2024-10-06T11:22:40 IST" duration-ms="589" status="PASS">
          <reporter-output>
          </reporter-output>
        </test-method> <!-- Filter -->
        <test-method signature="Getall()[pri:0, instance:Test_Api_P@4b40f651]" started-at="2024-10-06T11:22:40 IST" name="Getall" finished-at="2024-10-06T11:22:40 IST" duration-ms="606" status="PASS">
          <reporter-output>
          </reporter-output>
        </test-method> <!-- Getall -->
        <test-method signature="LogrequestusinFilter()[pri:0, instance:Test_Api_P@4b40f651]" started-at="2024-10-06T11:22:40 IST" name="LogrequestusinFilter" finished-at="2024-10-06T11:22:42 IST" duration-ms="1186" status="PASS">
          <reporter-output>
          </reporter-output>
        </test-method> <!-- LogrequestusinFilter -->
        <test-method signature="Tokengenetaion()[pri:0, instance:Test_Api_P@4b40f651]" started-at="2024-10-06T11:22:42 IST" name="Tokengenetaion" finished-at="2024-10-06T11:22:45 IST" duration-ms="3224" status="PASS">
          <reporter-output>
          </reporter-output>
        </test-method> <!-- Tokengenetaion -->
      </class> <!-- Test_Api_P -->
    </test> <!-- test -->
  </suite> <!-- Suite -->
</testng-results>
