<?xml version="1.0" encoding="UTF-8"?>
<testsuite xmlns:xsi="http://www.w3.org/2001/XMLSchema-instance" xsi:noNamespaceSchemaLocation="https://maven.apache.org/surefire/maven-surefire-plugin/xsd/surefire-test-report.xsd" version="3.0.2" name="TestSuite" time="14.991" tests="5" errors="0" skipped="0" failures="0">
  <properties>
[...]
</properties>
  <testcase name="Authencation" classname="Test_Api_P" time="4.932">
    <system-out><![CDATA[HTTP/1.1 200 OK
Server: nginx/1.17.10 (Ubuntu)
Date: Sun, 06 Oct 2024 05:52:38 GMT
Content-Type: application/json; charset=utf-8
Content-Length: 4
Connection: keep-alive
X-Powered-By: Express
ETag: W/"4-X/5TO4MPCKAyY0ipFgr6/IraRNs"

true
value is true
assertion is vlidated
]]></system-out>
  </testcase>
  <testcase name="Filter" classname="Test_Api_P" time="0.598">
    <system-out><![CDATA[Programming JavaScript Applications
]]></system-out>
  </testcase>
  <testcase name="Getall" classname="Test_Api_P" time="0.606">
    <system-out><![CDATA[PAGNATIONURL https://bookstore.toolsqa.com/BookStore/v1/Books?limit=1&offset=4
Programming JavaScript Applications
]]></system-out>
  </testcase>
  <testcase name="LogrequestusinFilter" classname="Test_Api_P" time="1.182">
    <system-out><![CDATA[Programming JavaScript Applications
Content-Type: null
]]></system-out>
  </testcase>
  <testcase name="Tokengenetaion" classname="Test_Api_P" time="3.219">
    <system-out><![CDATA[HTTP/1.1 200 OK
Server: nginx/1.17.10 (Ubuntu)
Date: Sun, 06 Oct 2024 05:52:41 GMT
Content-Type: application/json; charset=utf-8
Content-Length: 276
Connection: keep-alive
X-Powered-By: Express
ETag: W/"114-DQb3d+Exjqh0GRck9BcDzhzBpWI"

{
    "token": "eyJhbGciOiJIUzI1NiIsInR5cCI6IkpXVCJ9.eyJ1c2VyTmFtZSI6ImdlZXRoYWF1ZyIsInBhc3N3b3JkIjoiR2VldGhhQDIyIiwiaWF0IjoxNzI4MTkzOTYxfQ.5CrKPmCxCjT1Ed9TX3C9PdeXfojXG4Xt9WmYPrz5Sc4",
    "expires": "2024-10-13T05:52:41.420Z",
    "status": "Success",
    "result": "User authorized successfully."
}
eyJhbGciOiJIUzI1NiIsInR5cCI6IkpXVCJ9.eyJ1c2VyTmFtZSI6ImdlZXRoYWF1ZyIsInBhc3N3b3JkIjoiR2VldGhhQDIyIiwiaWF0IjoxNzI4MTkzOTYxfQ.5CrKPmCxCjT1Ed9TX3C9PdeXfojXG4Xt9WmYPrz5Sc4
2024-10-13T05:52:41.420Z
]]></system-out>
  </testcase>
</testsuite>