<?xml version="1.0" encoding="UTF-8"?>
<testng-results ignored="0" total="5" passed="5" failed="0" skipped="0">
  <reporter-output>
  </reporter-output>
  <suite started-at="2024-10-03T22:18:16 IST" name="Suite" finished-at="2024-10-03T22:18:25 IST" duration-ms="8761">
    <groups>
    </groups>
    <test started-at="2024-10-03T22:18:16 IST" name="test" finished-at="2024-10-03T22:18:25 IST" duration-ms="8761">
      <class name="Test_Api_P">
        <test-method is-config="true" signature="init()[pri:0, instance:Test_Api_P@75c9e76b]" started-at="2024-10-03T22:18:16 IST" name="init" finished-at="2024-10-03T22:18:17 IST" duration-ms="976" status="PASS">
          <reporter-output>
          </reporter-output>
        </test-method> <!-- init -->
        <test-method signature="Authencation()[pri:0, instance:Test_Api_P@75c9e76b]" started-at="2024-10-03T22:18:17 IST" name="Authencation" finished-at="2024-10-03T22:18:21 IST" duration-ms="3690" status="PASS">
          <reporter-output>
          </reporter-output>
        </test-method> <!-- Authencation -->
        <test-method signature="Filter()[pri:0, instance:Test_Api_P@75c9e76b]" started-at="2024-10-03T22:18:21 IST" name="Filter" finished-at="2024-10-03T22:18:21 IST" duration-ms="626" status="PASS">
          <reporter-output>
          </reporter-output>
        </test-method> <!-- Filter -->
        <test-method signature="Getall()[pri:0, instance:Test_Api_P@75c9e76b]" started-at="2024-10-03T22:18:21 IST" name="Getall" finished-at="2024-10-03T22:18:22 IST" duration-ms="587" status="PASS">
          <reporter-output>
          </reporter-output>
        </test-method> <!-- Getall -->
        <test-method signature="LogrequestusinFilter()[pri:0, instance:Test_Api_P@75c9e76b]" started-at="2024-10-03T22:18:22 IST" name="LogrequestusinFilter" finished-at="2024-10-03T22:18:22 IST" duration-ms="564" status="PASS">
          <reporter-output>
          </reporter-output>
        </test-method> <!-- LogrequestusinFilter -->
        <test-method signature="Tokengenetaion()[pri:0, instance:Test_Api_P@75c9e76b]" started-at="2024-10-03T22:18:22 IST" name="Tokengenetaion" finished-at="2024-10-03T22:18:24 IST" duration-ms="2168" status="PASS">
          <reporter-output>
          </reporter-output>
        </test-method> <!-- Tokengenetaion -->
      </class> <!-- Test_Api_P -->
    </test> <!-- test -->
  </suite> <!-- Suite -->
</testng-results>
